  456  cut -d, -f8-9,11 ~/cs131/datasets/2019-01-h1.csv > ids-fare.csv
  457  head ids-fare.csv
  460  grep '^48.0,161.0' ids-fare.csv | cut -d, -f3 > 48.0-161.0.txt
  461  head 48.0-161.0.txt
  463  grep '^193.0,193.0' ids-fare.csv | cut -d, -f3 > 193.0-193.0.txt
  464  mv 48.0-161.0.txt ~/cs131/a1/FARE
  465  mv 193.0-193.0.txt ~/cs131/a1/FARE
  474  sum=$(paste -sd+ 48.0-161.0.txt | bc)
  475  count=$(wc -l <  48.0-161.0.txt) 
  476  echo "scale=10; $sum / $count" | bc
  477  sum=$(paste -sd+ 193.0-193.0.txt | bc)
  478  count=$(wc -l <  193.0-193.0.txt) 
  479  echo "scale=10; $sum / $count" | bc
  498  cut -d, -f10 ~/cs131/datasets/ws3/sorted_jan10.csv | sort -t, -gr | head -3
  539  cut -d, -f4,9 ~/cs131/datasets/2019-01-h1.csv > cust-do.csv
  540  head cust-do.csv
  550  grep -E '^([3-9]\.|[1-9][0-9]+\.)' cust-do.csv > gt3.csv 
  551  head gt3.csv
  562  cut -d, -f2 gt3.csv | sort -g | uniq -c | sort -gr | head
  568  history > cmds.log
  569  vim cmds.log
